OMPL version 
Experiment experiment
0 experiment properties
Running on PC11-32
Starting at 2024-12-16 19:32:11
<<<|
Properties of the state space 'CompoundSpace5'
  - signature: 12 0 88 0 88 5 6 1 3 3 3 1 82 
  - dimension: 88
  - extent: 421.211
  - sanity checks for state space passed
  - probability of valid states: 0.997
  - average length of a valid motion: 1.44342
  - average number of samples drawn per second: sampleUniform()=233.903 sampleUniformNear()=233.148 sampleGaussian()=6.2822e+07
Settings for the state space 'CompoundSpace5'
  - state validity check resolution: 0.23741%
  - valid segment count factor: 1
  - state space:
Compound state space 'CompoundSpace5' of dimension 88 [
Compound state space 'ssRobot0' of dimension 88 [
Compound state space 'ssRobot0_SE3' of dimension 6 (locked) [
Real vector state space 'RealVectorSpace1' of dimension 3 with bounds: 
  - min: -140 -140 0 
  - max: 140 140 0.001 
 of weight 1
SO(3) state space 'SO3Space2' (represented using quaternions)
 of weight 1
]
Registered projections:
  - <default>
Projection of dimension 3
Cell sizes (computed defaults): [14 14 5e-05]
  - drawprojection
Projection of dimension 3
Cell sizes (computed defaults): [14 14 5e-05]
 of weight 1
Real vector state space 'ssRobot0_SE3ssRobot0_Rn' of dimension 82 with bounds: 
  - min: 0 0 0 0 0 0 0 0 0 0 0 0 0 0 0 0 0 0 0 0 0 0 0 -3.14 -3.14 -3.14 -3.14 -3.14 -3.14 0 0 0 -0.47 -0.196 -0.174 -0.227 -0.47 -0.196 -0.174 -0.227 -0.47 -0.196 -0.174 -0.227 0.263 -0.105 -0.189 -0.162 0 0 0 0 0 -3.14 -3.14 -3.14 -3.14 -3.14 -3.14 0 0 0 -0.47 -0.196 -0.174 -0.227 -0.47 -0.196 -0.174 -0.227 -0.47 -0.196 -0.174 -0.227 0.263 -0.105 -0.189 -0.162 0 0 0 0 
  - max: 0.001 0.001 0.001 0.001 0.001 0.001 0.001 0.001 0.001 0.001 0.001 0.001 0.001 0.001 0.001 0.001 0.001 0.001 0.001 0.001 0.001 0.001 0.001 3.14 3.14 3.14 3.14 3.14 3.14 0.001 0.001 0.001 0.47 1.61 1.709 1.618 0.47 1.61 1.709 1.618 0.47 1.61 1.709 1.618 1.396 1.163 1.644 1.719 0.001 0.001 0.001 0.001 0.001 3.14 3.14 3.14 3.14 3.14 3.14 0.001 0.001 0.001 0.47 1.61 1.709 1.618 0.47 1.61 1.709 1.618 0.47 1.61 1.709 1.618 1.5708 1.163 1.644 1.719 0.001 0.001 0.001 0.001 
 of weight 1
]
Registered projections:
  - <default>
Projection of dimension 3
Cell sizes (computed defaults): [14 14 5e-05]
  - drawprojection
Projection of dimension 3
Cell sizes (computed defaults): [14 14 5e-05]
 of weight 1
]
Registered projections:
  - <default>
Projection of dimension 3
Cell sizes (computed defaults): [14 14 5e-05]
  - drawprojection0
Projection of dimension 3
Cell sizes (computed defaults): [14 14 5e-05]

Declared parameters:
longest_valid_segment_fraction = 0.0023741
projection.cellsize.0 = 14
projection.cellsize.1 = 14
projection.cellsize.2 = 5e-05
projection.cellsize_factor = 0
projection.drawprojection0.cellsize.0 = 14
projection.drawprojection0.cellsize.1 = 14
projection.drawprojection0.cellsize.2 = 5e-05
projection.drawprojection0.cellsize_factor = 0
valid_segment_count_factor = 1
Valid state sampler named kautham sampler with parameters:
nr_attempts = 100
Planner LazyRRT5 specs:
Multithreaded:                 No
Reports approximate solutions: No
Can optimize solutions:        No
Aware of the following parameters: goal_bias range
Declared parameters for planner LazyRRT5:
goal_bias = 0.05
range = 5
Start states:
Compound state [
Compound state [
Compound state [
RealVectorState [70 70 0]
SO3State [0 0 0 1]
]
RealVectorState [0 0 0 0 0 0 0 0 0 0 0 0 0 0 0 0 0 0 0 0 0 0 0 0.314 -1.57 2.3236 -3.14 -0.314 -1.57 0 0 0 -0.47 -0.196 -0.174 -0.227 -0.47 -0.196 -0.174 -0.227 -0.47 -0.196 -0.174 -0.227 0.263 -0.105 -0.189 -0.162 0 0 0 0 0 0 -2.09752 0 0 0 -3.14 0 0 0 -0.47 -0.196 -0.174 -0.227 -0.47 -0.196 -0.174 -0.227 -0.47 -0.196 -0.174 -0.227 0.263 -0.105 -0.189 -0.162 0 0 0 0]
]
]
1 goal states, threshold = 2.22045e-16, memory address = 0x62f92730b650
Compound state [
Compound state [
Compound state [
RealVectorState [70 70 0]
SO3State [0 0 0 1]
]
RealVectorState [0 0 0 0 0 0 0 0 0 0 0 0 0 0 0 0 0 0 0 0 0 0 0 0.314 -1.57 2.3236 -3.14 -0.314 -1.57 0 0 0 -0.47 -0.196 -0.174 -0.227 -0.47 -0.196 -0.174 -0.227 -0.47 -0.196 -0.174 -0.227 0.263 -0.105 -0.189 -0.162 0 0 0 0 0 0 -2.09752 0 0 0 -3.14 0 0 0 -0.47 0.707 0.7675 0.6955 -0.47 0.707 0.7675 0.6955 -0.47 0.707 0.7675 0.6955 0.263 -0.105 -0.189 -0.162 0 0 0 0]
]
]

OptimizationObjective = nullptr
There are 0 solutions

Properties of benchmarked planners:
Planner RRTconn1 specs:
Multithreaded:                 No
Reports approximate solutions: No
Can optimize solutions:        No
Aware of the following parameters: intermediate_states range
Planner LazyRRT5 specs:
Multithreaded:                 No
Reports approximate solutions: No
Can optimize solutions:        No
Aware of the following parameters: goal_bias range
|>>>
<<<|
Architecture:                         x86_64
CPU op-mode(s):                       32-bit, 64-bit
Address sizes:                        39 bits physical, 48 bits virtual
Byte Order:                           Little Endian
CPU(s):                               6
On-line CPU(s) list:                  0-5
Vendor ID:                            GenuineIntel
Model name:                           Intel(R) Core(TM) i5-8400 CPU @ 2.80GHz
CPU family:                           6
Model:                                158
Thread(s) per core:                   1
Core(s) per socket:                   6
Socket(s):                            1
Stepping:                             10
CPU max MHz:                          4000,0000
CPU min MHz:                          800,0000
BogoMIPS:                             5599.85
Flags:                                fpu vme de pse tsc msr pae mce cx8 apic sep mtrr pge mca cmov pat pse36 clflush dts acpi mmx fxsr sse sse2 ss ht tm pbe syscall nx pdpe1gb rdtscp lm constant_tsc art arch_perfmon pebs bts rep_good nopl xtopology nonstop_tsc cpuid aperfmperf pni pclmulqdq dtes64 monitor ds_cpl vmx est tm2 ssse3 sdbg fma cx16 xtpr pdcm pcid sse4_1 sse4_2 x2apic movbe popcnt tsc_deadline_timer aes xsave avx f16c rdrand lahf_lm abm 3dnowprefetch cpuid_fault epb pti ssbd ibrs ibpb stibp tpr_shadow flexpriority ept vpid ept_ad fsgsbase tsc_adjust bmi1 avx2 smep bmi2 erms invpcid mpx rdseed adx smap clflushopt intel_pt xsaveopt xsavec xgetbv1 xsaves dtherm ida arat pln pts hwp hwp_notify hwp_act_window hwp_epp vnmi md_clear flush_l1d arch_capabilities
Virtualization:                       VT-x
L1d cache:                            192 KiB (6 instances)
L1i cache:                            192 KiB (6 instances)
L2 cache:                             1,5 MiB (6 instances)
L3 cache:                             9 MiB (1 instance)
NUMA node(s):                         1
NUMA node0 CPU(s):                    0-5
Vulnerability Gather data sampling:   Mitigation; Microcode
Vulnerability Itlb multihit:          KVM: Mitigation: VMX disabled
Vulnerability L1tf:                   Mitigation; PTE Inversion; VMX conditional cache flushes, SMT disabled
Vulnerability Mds:                    Mitigation; Clear CPU buffers; SMT disabled
Vulnerability Meltdown:               Mitigation; PTI
Vulnerability Mmio stale data:        Mitigation; Clear CPU buffers; SMT disabled
Vulnerability Reg file data sampling: Not affected
Vulnerability Retbleed:               Mitigation; IBRS
Vulnerability Spec rstack overflow:   Not affected
Vulnerability Spec store bypass:      Mitigation; Speculative Store Bypass disabled via prctl
Vulnerability Spectre v1:             Mitigation; usercopy/swapgs barriers and __user pointer sanitization
Vulnerability Spectre v2:             Mitigation; IBRS; IBPB conditional; STIBP disabled; RSB filling; PBRSB-eIBRS Not affected; BHI Not affected
Vulnerability Srbds:                  Mitigation; Microcode
Vulnerability Tsx async abort:        Not affected
|>>>
10957745968101151 is the random seed
120 seconds per run
8000 MB per run
30 runs per planner
185.075 seconds spent to collect the data
1 enum type
status|Unknown status|Invalid start|Invalid goal|Unrecognized goal type|Timeout|Approximate solution|Exact solution|Crash|Unknown status
2 planners
geometric_RRTconn1
12 common properties
intermediate_states = 0
longest_valid_segment_fraction = 0.0023741
projection.cellsize.0 = 14
projection.cellsize.1 = 14
projection.cellsize.2 = 5e-05
projection.cellsize_factor = 0
projection.drawprojection0.cellsize.0 = 14
projection.drawprojection0.cellsize.1 = 14
projection.drawprojection0.cellsize.2 = 5e-05
projection.drawprojection0.cellsize_factor = 0
range = 1
valid_segment_count_factor = 1
24 properties for each run
approx goal distance REAL
approximate solution BOOLEAN
collision checks INTEGER
correct solution BOOLEAN
correct solution strict BOOLEAN
graph motions INTEGER
graph states INTEGER
memory REAL
simplification time REAL
simplified correct solution BOOLEAN
simplified correct solution strict BOOLEAN
simplified solution clearance REAL
simplified solution length REAL
simplified solution segments INTEGER
simplified solution smoothness REAL
solution clearance REAL
solution difference REAL
solution length REAL
solution segments INTEGER
solution smoothness REAL
solved BOOLEAN
status ENUM
time REAL
valid segment fraction REAL
30 runs
0; 0; 898; 1; 1; 5; 6; 1130.41; 1.37996; 1; 1; 5.88814; 2.7674; 1; 0; 5.92357; 0; 3.50465; 4; 3.9426; 1; 6; 0.161661; 1; 
0; 0; 1025; 1; 1; 5; 6; 1131.29; 1.63693; 1; 1; 5.88814; 2.7674; 1; 0; 5.70639; 0; 3.54227; 4; 4.69767; 1; 6; 0.17058; 1; 
0; 0; 889; 1; 1; 5; 6; 1132.91; 1.33493; 1; 1; 5.88814; 2.7674; 1; 0; 5.8825; 0; 3.30979; 4; 3.82163; 1; 6; 0.151096; 1; 
0; 0; 999; 1; 1; 5; 6; 1134.29; 1.57917; 1; 1; 5.88814; 2.7674; 1; 0; 5.89592; 0; 3.3276; 4; 3.84129; 1; 6; 0.1509; 1; 
0; 0; 945; 1; 1; 5; 6; 1135.79; 1.43478; 1; 1; 5.88814; 2.7674; 1; 0; 5.77622; 0; 3.46659; 4; 3.93208; 1; 6; 0.157528; 1; 
0; 0; 941; 1; 1; 5; 6; 1137.29; 1.42569; 1; 1; 5.88814; 2.7674; 1; 0; 5.93238; 0; 3.44923; 4; 3.92562; 1; 6; 0.15552; 1; 
0; 0; 845; 1; 1; 5; 6; 1138.79; 1.20783; 1; 1; 5.88814; 2.7674; 1; 0; 5.82697; 0; 3.50757; 4; 3.99434; 1; 6; 0.158404; 1; 
0; 0; 929; 1; 1; 5; 6; 1140.04; 1.41848; 1; 1; 5.88814; 2.7674; 1; 0; 5.66895; 0; 3.3675; 4; 3.87772; 1; 6; 0.152981; 1; 
0; 0; 924; 1; 1; 5; 6; 1141.54; 1.39602; 1; 1; 5.88814; 2.7674; 1; 0; 6.00564; 0; 3.41487; 4; 3.90929; 1; 6; 0.155239; 1; 
0; 0; 537; 1; 1; 5; 6; 1142.91; 0.565253; 1; 1; 5.88814; 2.7674; 1; 0; 5.67939; 0; 3.16392; 4; 5.32375; 1; 6; 0.146658; 1; 
0; 0; 1044; 1; 1; 5; 6; 1143.79; 1.69027; 1; 1; 5.88814; 2.7674; 1; 0; 5.67939; 0; 3.16392; 4; 5.32375; 1; 6; 0.145712; 1; 
0; 0; 827; 1; 1; 5; 6; 1145.41; 1.19205; 1; 1; 5.88814; 2.7674; 1; 0; 5.66079; 0; 3.31009; 4; 3.82197; 1; 6; 0.150783; 1; 
0; 0; 1017; 1; 1; 5; 6; 1146.66; 1.60956; 1; 1; 5.88814; 2.7674; 1; 0; 5.66408; 0; 3.38723; 4; 3.89227; 1; 6; 0.152081; 1; 
0; 0; 832; 1; 1; 5; 6; 1148.16; 1.18948; 1; 1; 5.88814; 2.7674; 1; 0; 5.76824; 0; 3.49906; 4; 3.94135; 1; 6; 0.165415; 1; 
0; 0; 916; 1; 1; 5; 6; 1149.54; 1.38616; 1; 1; 5.88814; 2.7674; 1; 0; 5.9221; 0; 3.32052; 4; 4.51983; 1; 6; 0.151959; 1; 
0; 0; 938; 1; 1; 5; 6; 1150.91; 1.45436; 1; 1; 5.88814; 2.7674; 1; 0; 5.74861; 0; 3.19429; 4; 3.62704; 1; 6; 0.145725; 1; 
0; 0; 878; 1; 1; 5; 6; 1152.29; 1.30434; 1; 1; 5.88814; 2.7674; 1; 0; 5.87173; 0; 3.39221; 4; 3.89562; 1; 6; 0.154523; 1; 
0; 0; 956; 1; 1; 5; 6; 1153.66; 1.4872; 1; 1; 5.88814; 2.7674; 1; 0; 5.66851; 0; 3.24028; 4; 4.00881; 1; 6; 0.148747; 1; 
0; 0; 956; 1; 1; 5; 6; 1155.16; 1.46793; 1; 1; 5.88814; 2.7674; 1; 0; 5.65669; 0; 3.39408; 4; 3.89684; 1; 6; 0.154248; 1; 
0; 0; 900; 1; 1; 5; 6; 1156.66; 1.36526; 1; 1; 5.88814; 2.7674; 1; 0; 6.01329; 0; 3.25191; 4; 3.74036; 1; 6; 0.148648; 1; 
0; 0; 841; 1; 1; 5; 6; 1158.04; 1.21983; 1; 1; 5.88814; 2.7674; 1; 0; 5.76775; 0; 3.36085; 4; 5.01282; 1; 6; 0.153097; 1; 
0; 0; 910; 1; 1; 5; 6; 1159.29; 1.37504; 1; 1; 5.88814; 2.7674; 1; 0; 5.67338; 0; 3.29812; 4; 3.80748; 1; 6; 0.150853; 1; 
0; 0; 532; 1; 1; 5; 6; 1160.79; 0.52044; 1; 1; 5.88814; 2.7674; 1; 0; 5.68171; 0; 3.4726; 4; 3.93406; 1; 6; 0.157566; 1; 
0; 0; 1017; 1; 1; 5; 6; 1161.54; 1.59585; 1; 1; 5.88814; 2.7674; 1; 0; 5.68171; 0; 3.4726; 4; 3.93406; 1; 6; 0.15761; 1; 
0; 0; 956; 1; 1; 5; 6; 1163.16; 1.46281; 1; 1; 5.88814; 2.7674; 1; 0; 5.91252; 0; 3.45597; 4; 3.92827; 1; 6; 0.156406; 1; 
0; 0; 506; 1; 1; 5; 6; 1164.66; 0.493114; 1; 1; 5.88814; 2.7674; 1; 0; 5.76098; 0; 3.19472; 4; 3.62802; 1; 6; 0.146836; 1; 
0; 0; 513; 1; 1; 5; 6; 1165.41; 0.505953; 1; 1; 5.88814; 2.7674; 1; 0; 5.68255; 0; 3.2439; 4; 4.91047; 1; 6; 0.147743; 1; 
0; 0; 1038; 1; 1; 5; 6; 1166.16; 1.66023; 1; 1; 5.88814; 2.7674; 1; 0; 5.68255; 0; 3.2439; 4; 4.91047; 1; 6; 0.152873; 1; 
0; 0; 936; 1; 1; 5; 6; 1167.79; 1.43889; 1; 1; 5.88814; 2.7674; 1; 0; 5.64569; 0; 3.33051; 4; 3.8443; 1; 6; 0.151067; 1; 
0; 0; 959; 1; 1; 5; 6; 1169.29; 1.46102; 1; 1; 5.88814; 2.7674; 1; 0; 5.69028; 0; 3.49732; 4; 4.63674; 1; 6; 0.160762; 1; 
.
geometric_LazyRRT5
12 common properties
goal_bias = 0.05
longest_valid_segment_fraction = 0.0023741
projection.cellsize.0 = 14
projection.cellsize.1 = 14
projection.cellsize.2 = 5e-05
projection.cellsize_factor = 0
projection.drawprojection0.cellsize.0 = 14
projection.drawprojection0.cellsize.1 = 14
projection.drawprojection0.cellsize.2 = 5e-05
projection.drawprojection0.cellsize_factor = 0
range = 5
valid_segment_count_factor = 1
23 properties for each run
approximate solution BOOLEAN
collision checks INTEGER
correct solution BOOLEAN
correct solution strict BOOLEAN
graph motions INTEGER
graph states INTEGER
memory REAL
simplification time REAL
simplified correct solution BOOLEAN
simplified correct solution strict BOOLEAN
simplified solution clearance REAL
simplified solution length REAL
simplified solution segments INTEGER
simplified solution smoothness REAL
solution clearance REAL
solution difference REAL
solution length REAL
solution segments INTEGER
solution smoothness REAL
solved BOOLEAN
status ENUM
time REAL
valid segment fraction REAL
30 runs
0; 1105; 1; 1; 25; 26; 1172.66; 1.67547; 1; 1; 5.88814; 2.7674; 1; 0; 5.91683; 0; 4.5032; 3; 2.7901; 1; 6; 0.29066; 1; 
0; 1273; 1; 1; 35; 36; 1177.16; 1.79245; 1; 1; 5.88814; 2.7674; 1; 0; 5.7575; 0; 6.5846; 5; 10.538; 1; 6; 0.422461; 1; 
0; 1311; 1; 1; 62; 63; 1184.29; 1.88309; 1; 1; 5.88814; 2.7674; 1; 0; 5.93284; 0; 5.48315; 4; 5.36107; 1; 6; 0.635544; 0.875; 
0; 1044; 1; 1; 16; 17; 1187.29; 1.57611; 1; 1; 5.88814; 2.7674; 1; 0; 5.47492; 0; 4.32522; 3; 2.94411; 1; 6; 0.248317; 1; 
0; 255; 1; 1; 1; 2; 1188.79; 2.1194e-05; 1; 1; 5.88814; 2.7674; 1; 0; 5.88814; 0; 2.7674; 1; 0; 1; 6; 0.117783; 1; 
0; 940; 1; 1; 2; 3; 1189.29; 1.38289; 1; 1; 5.88814; 2.7674; 1; 0; 5.76006; 0; 4.06719; 2; 0.663405; 1; 6; 0.170405; 1; 
0; 694; 1; 1; 6; 7; 1191.04; 0.934633; 1; 1; 5.88814; 2.7674; 1; 0; 5.55096; 0; 3.07284; 2; 0.451928; 1; 6; 0.149852; 1; 
0; 1182; 1; 1; 59; 60; 1196.91; 1.74049; 1; 1; 5.88814; 2.7674; 1; 0; 5.80632; 0; 5.485; 4; 3.86125; 1; 6; 0.476469; 1; 
0; 255; 1; 1; 1; 2; 1198.54; 2.189e-05; 1; 1; 5.88814; 2.7674; 1; 0; 5.88814; 0; 2.7674; 1; 0; 1; 6; 0.115378; 1; 
0; 751; 1; 1; 10; 11; 1199.66; 1.0331; 1; 1; 5.88814; 2.7674; 1; 0; 5.55356; 0; 3.44163; 2; 0.55695; 1; 6; 0.1812; 1; 
0; 1097; 1; 1; 25; 26; 1202.91; 1.31513; 1; 1; 5.88814; 2.7674; 1; 0; 5.60542; 0; 7.45741; 5; 7.80407; 1; 6; 0.40753; 1; 
0; 1153; 1; 1; 16; 17; 1205.66; 1.70828; 1; 1; 5.88814; 2.7674; 1; 0; 5.81973; 0; 5.18653; 3; 1.99874; 1; 6; 0.280291; 1; 
0; 1237; 1; 1; 18; 19; 1208.79; 1.82798; 1; 1; 5.88814; 2.7674; 1; 0; 5.74856; 0; 5.73982; 4; 4.62092; 1; 6; 0.30937; 1; 
0; 715; 1; 1; 7; 8; 1211.04; 0.7381; 1; 1; 5.88814; 2.7674; 1; 0; 5.84056; 0; 5.10963; 3; 2.71411; 1; 6; 0.238256; 1; 
0; 1094; 1; 1; 17; 18; 1213.41; 1.57517; 1; 1; 5.88814; 2.7674; 1; 0; 5.63202; 0; 5.1491; 4; 5.72716; 1; 6; 0.283556; 1; 
0; 1121; 1; 1; 50; 51; 1219.29; 1.80073; 1; 1; 5.88814; 2.7674; 1; 0; 6.14555; 0; 3.76275; 3; 2.96324; 1; 6; 0.384678; 0.75; 
0; 662; 1; 1; 5; 6; 1221.16; 0.698708; 1; 1; 5.88814; 2.7674; 1; 0; 5.98304; 0; 4.48413; 3; 2.82697; 1; 6; 0.202682; 1; 
0; 255; 1; 1; 1; 2; 1222.16; 2.3953e-05; 1; 1; 5.88814; 2.7674; 1; 0; 5.88814; 0; 2.7674; 1; 0; 1; 6; 0.114392; 1; 
0; 1208; 1; 1; 15; 16; 1223.79; 1.85272; 1; 1; 5.88814; 2.7674; 1; 0; 5.49242; 0; 4.9491; 4; 7.1893; 1; 6; 0.265219; 1; 
0; 1143; 1; 1; 32; 33; 1228.16; 1.71024; 1; 1; 5.88814; 2.7674; 1; 0; 5.72836; 0; 4.95646; 4; 6.27138; 1; 6; 0.33926; 1; 
0; 817; 1; 1; 8; 9; 1230.29; 1.14459; 1; 1; 5.88814; 2.7674; 1; 0; 5.75; 0; 3.64401; 2; 0.664512; 1; 6; 0.18133; 1; 
0; 1334; 1; 1; 87; 88; 1238.91; 1.89687; 1; 1; 5.88814; 2.7674; 1; 0; 5.3102; 0; 6.92436; 7; 20.0312; 1; 6; 0.664547; 1; 
0; 1049; 1; 1; 13; 14; 1241.66; 1.59059; 1; 1; 5.88814; 2.7674; 1; 0; 5.60103; 0; 4.18232; 3; 4.24447; 1; 6; 0.228698; 1; 
0; 694; 1; 1; 14; 15; 1244.29; 0.769966; 1; 1; 5.88814; 2.7674; 1; 0; 5.78435; 0; 4.46286; 3; 3.95621; 1; 6; 0.241396; 1; 
0; 864; 1; 1; 3; 4; 1245.41; 1.27172; 1; 1; 5.88814; 2.7674; 1; 0; 5.64758; 0; 3.47328; 2; 0.699983; 1; 6; 0.15213; 1; 
0; 1086; 1; 1; 18; 19; 1248.16; 1.58539; 1; 1; 5.88814; 2.7674; 1; 0; 5.38675; 0; 4.94601; 4; 9.97707; 1; 6; 0.279147; 1; 
0; 1323; 1; 1; 17; 18; 1251.04; 2.00495; 1; 1; 5.88814; 2.7674; 1; 0; 5.68488; 0; 5.81265; 4; 4.67772; 1; 6; 0.31036; 1; 
0; 1084; 1; 1; 27; 28; 1255.16; 1.64383; 1; 1; 5.88814; 2.7674; 1; 0; 5.43779; 0; 4.38983; 3; 2.71709; 1; 6; 0.302682; 0.75; 
0; 1007; 1; 1; 12; 13; 1257.66; 1.48788; 1; 1; 5.88814; 2.7674; 1; 0; 5.78223; 0; 4.21921; 3; 3.94773; 1; 6; 0.225136; 1; 
0; 255; 1; 1; 1; 2; 1259.04; 2.4693e-05; 1; 1; 5.88814; 2.7674; 1; 0; 5.88814; 0; 2.7674; 1; 0; 1; 6; 0.11521; 1; 
.
