OMPL version 
Experiment experiment
0 experiment properties
Running on PC81-34
Starting at 2024-12-15 17:51:59
<<<|
Properties of the state space 'CompoundSpace5'
  - signature: 12 0 88 0 88 5 6 1 3 3 3 1 82 
  - dimension: 88
  - extent: 421.211
  - sanity checks for state space passed
  - probability of valid states: 0.994
  - average length of a valid motion: 1.48512
  - average number of samples drawn per second: sampleUniform()=347.342 sampleUniformNear()=351.288 sampleGaussian()=7.51258e+07
Settings for the state space 'CompoundSpace5'
  - state validity check resolution: 1%
  - valid segment count factor: 1
  - state space:
Compound state space 'CompoundSpace5' of dimension 88 [
Compound state space 'ssRobot0' of dimension 88 [
Compound state space 'ssRobot0_SE3' of dimension 6 (locked) [
Real vector state space 'RealVectorSpace1' of dimension 3 with bounds: 
  - min: -140 -140 0 
  - max: 140 140 0.001 
 of weight 1
SO(3) state space 'SO3Space2' (represented using quaternions)
 of weight 1
]
Registered projections:
  - <default>
Projection of dimension 3
Cell sizes (computed defaults): [14 14 5e-05]
  - drawprojection
Projection of dimension 3
Cell sizes (computed defaults): [14 14 5e-05]
 of weight 1
Real vector state space 'ssRobot0_SE3ssRobot0_Rn' of dimension 82 with bounds: 
  - min: 0 0 0 0 0 0 0 0 0 0 0 0 0 0 0 0 0 0 0 0 0 0 0 -3.14 -3.14 -3.14 -3.14 -3.14 -3.14 0 0 0 -0.47 -0.196 -0.174 -0.227 -0.47 -0.196 -0.174 -0.227 -0.47 -0.196 -0.174 -0.227 0.263 -0.105 -0.189 -0.162 0 0 0 0 0 -3.14 -3.14 -3.14 -3.14 -3.14 -3.14 0 0 0 -0.47 -0.196 -0.174 -0.227 -0.47 -0.196 -0.174 -0.227 -0.47 -0.196 -0.174 -0.227 0.263 -0.105 -0.189 -0.162 0 0 0 0 
  - max: 0.001 0.001 0.001 0.001 0.001 0.001 0.001 0.001 0.001 0.001 0.001 0.001 0.001 0.001 0.001 0.001 0.001 0.001 0.001 0.001 0.001 0.001 0.001 3.14 3.14 3.14 3.14 3.14 3.14 0.001 0.001 0.001 0.47 1.61 1.709 1.618 0.47 1.61 1.709 1.618 0.47 1.61 1.709 1.618 1.396 1.163 1.644 1.719 0.001 0.001 0.001 0.001 0.001 3.14 3.14 3.14 3.14 3.14 3.14 0.001 0.001 0.001 0.47 1.61 1.709 1.618 0.47 1.61 1.709 1.618 0.47 1.61 1.709 1.618 1.5708 1.163 1.644 1.719 0.001 0.001 0.001 0.001 
 of weight 1
]
Registered projections:
  - <default>
Projection of dimension 3
Cell sizes (computed defaults): [14 14 5e-05]
  - drawprojection
Projection of dimension 3
Cell sizes (computed defaults): [14 14 5e-05]
 of weight 1
]
Registered projections:
  - <default>
Projection of dimension 3
Cell sizes (computed defaults): [14 14 5e-05]
  - drawprojection0
Projection of dimension 3
Cell sizes (computed defaults): [14 14 5e-05]

Declared parameters:
longest_valid_segment_fraction = 0.01
projection.cellsize.0 = 14
projection.cellsize.1 = 14
projection.cellsize.2 = 5e-05
projection.cellsize_factor = 0
projection.drawprojection0.cellsize.0 = 14
projection.drawprojection0.cellsize.1 = 14
projection.drawprojection0.cellsize.2 = 5e-05
projection.drawprojection0.cellsize_factor = 0
valid_segment_count_factor = 1
Valid state sampler named kautham sampler with parameters:
nr_attempts = 100
Planner RRTconn2 specs:
Multithreaded:                 No
Reports approximate solutions: No
Can optimize solutions:        No
Aware of the following parameters: intermediate_states range
Declared parameters for planner RRTconn2:
intermediate_states = 0
range = 2
Start states:
Compound state [
Compound state [
Compound state [
RealVectorState [70 70 0]
SO3State [0 0 0 1]
]
RealVectorState [0 0 0 0 0 0 0 0 0 0 0 0 0 0 0 0 0 0 0 0 0 0 0 0.314 -1.57 2.3236 -3.14 -0.314 -1.57 0 0 0 -0.47 -0.196 -0.174 -0.227 -0.47 -0.196 -0.174 -0.227 -0.47 -0.196 -0.174 -0.227 0.263 -0.105 -0.189 -0.162 0 0 0 0 0 0 -2.09752 0 0 0 -3.14 0 0 0 -0.47 -0.196 -0.174 -0.227 -0.47 -0.196 -0.174 -0.227 -0.47 -0.196 -0.174 -0.227 0.263 -0.105 -0.189 -0.162 0 0 0 0]
]
]
1 goal states, threshold = 2.22045e-16, memory address = 0x56e61cd80fd0
Compound state [
Compound state [
Compound state [
RealVectorState [70 70 0]
SO3State [0 0 0 1]
]
RealVectorState [0 0 0 0 0 0 0 0 0 0 0 0 0 0 0 0 0 0 0 0 0 0 0 0.314 -1.57 2.3236 -3.14 -0.314 -1.57 0 0 0 -0.47 -0.196 -0.174 -0.227 -0.47 -0.196 -0.174 -0.227 -0.47 -0.196 -0.174 -0.227 0.263 -0.105 -0.189 -0.162 0 0 0 0 0 0 -2.09752 0 0 0 -3.14 0 0 0 -0.47 0.707 0.7675 0.6955 -0.47 0.707 0.7675 0.6955 -0.47 0.707 0.7675 0.6955 0.263 -0.105 -0.189 -0.162 0 0 0 0]
]
]

OptimizationObjective = nullptr
There are 0 solutions

Properties of benchmarked planners:
Planner RRTconn0_5 specs:
Multithreaded:                 No
Reports approximate solutions: No
Can optimize solutions:        No
Aware of the following parameters: intermediate_states range
Planner RRTconn1 specs:
Multithreaded:                 No
Reports approximate solutions: No
Can optimize solutions:        No
Aware of the following parameters: intermediate_states range
Planner RRTconn1_5 specs:
Multithreaded:                 No
Reports approximate solutions: No
Can optimize solutions:        No
Aware of the following parameters: intermediate_states range
Planner RRTconn2 specs:
Multithreaded:                 No
Reports approximate solutions: No
Can optimize solutions:        No
Aware of the following parameters: intermediate_states range
|>>>
<<<|
Architecture:                         x86_64
CPU op-mode(s):                       32-bit, 64-bit
Address sizes:                        39 bits physical, 48 bits virtual
Byte Order:                           Little Endian
CPU(s):                               12
On-line CPU(s) list:                  0-11
Vendor ID:                            GenuineIntel
Model name:                           11th Gen Intel(R) Core(TM) i5-11500 @ 2.70GHz
CPU family:                           6
Model:                                167
Thread(s) per core:                   2
Core(s) per socket:                   6
Socket(s):                            1
Stepping:                             1
CPU max MHz:                          4600,0000
CPU min MHz:                          800,0000
BogoMIPS:                             5424.00
Flags:                                fpu vme de pse tsc msr pae mce cx8 apic sep mtrr pge mca cmov pat pse36 clflush dts acpi mmx fxsr sse sse2 ss ht tm pbe syscall nx pdpe1gb rdtscp lm constant_tsc art arch_perfmon pebs bts rep_good nopl xtopology nonstop_tsc cpuid aperfmperf tsc_known_freq pni pclmulqdq dtes64 monitor ds_cpl vmx smx est tm2 ssse3 sdbg fma cx16 xtpr pdcm pcid sse4_1 sse4_2 x2apic movbe popcnt tsc_deadline_timer aes xsave avx f16c rdrand lahf_lm abm 3dnowprefetch cpuid_fault ssbd ibrs ibpb stibp ibrs_enhanced tpr_shadow flexpriority ept vpid ept_ad fsgsbase tsc_adjust bmi1 avx2 smep bmi2 erms invpcid mpx avx512f avx512dq rdseed adx smap avx512ifma clflushopt intel_pt avx512cd sha_ni avx512bw avx512vl xsaveopt xsavec xgetbv1 xsaves dtherm ida arat pln pts hwp hwp_notify hwp_act_window hwp_epp hwp_pkg_req vnmi avx512vbmi umip pku ospke avx512_vbmi2 gfni vaes vpclmulqdq avx512_vnni avx512_bitalg avx512_vpopcntdq rdpid fsrm md_clear flush_l1d arch_capabilities
Virtualization:                       VT-x
L1d cache:                            288 KiB (6 instances)
L1i cache:                            192 KiB (6 instances)
L2 cache:                             3 MiB (6 instances)
L3 cache:                             12 MiB (1 instance)
NUMA node(s):                         1
NUMA node0 CPU(s):                    0-11
Vulnerability Gather data sampling:   Mitigation; Microcode
Vulnerability Itlb multihit:          Not affected
Vulnerability L1tf:                   Not affected
Vulnerability Mds:                    Not affected
Vulnerability Meltdown:               Not affected
Vulnerability Mmio stale data:        Mitigation; Clear CPU buffers; SMT vulnerable
Vulnerability Reg file data sampling: Not affected
Vulnerability Retbleed:               Mitigation; Enhanced IBRS
Vulnerability Spec rstack overflow:   Not affected
Vulnerability Spec store bypass:      Mitigation; Speculative Store Bypass disabled via prctl
Vulnerability Spectre v1:             Mitigation; usercopy/swapgs barriers and __user pointer sanitization
Vulnerability Spectre v2:             Mitigation; Enhanced / Automatic IBRS; IBPB conditional; RSB filling; PBRSB-eIBRS SW sequence; BHI SW loop, KVM SW loop
Vulnerability Srbds:                  Not affected
Vulnerability Tsx async abort:        Not affected
|>>>
10957653556556030 is the random seed
120 seconds per run
8000 MB per run
10 runs per planner
58.111 seconds spent to collect the data
1 enum type
status|Unknown status|Invalid start|Invalid goal|Unrecognized goal type|Timeout|Approximate solution|Exact solution|Crash|Unknown status
4 planners
geometric_RRTconn0_5
12 common properties
intermediate_states = 0
longest_valid_segment_fraction = 0.01
projection.cellsize.0 = 14
projection.cellsize.1 = 14
projection.cellsize.2 = 5e-05
projection.cellsize_factor = 0
projection.drawprojection0.cellsize.0 = 14
projection.drawprojection0.cellsize.1 = 14
projection.drawprojection0.cellsize.2 = 5e-05
projection.drawprojection0.cellsize_factor = 0
range = 0.5
valid_segment_count_factor = 1
24 properties for each run
approx goal distance REAL
approximate solution BOOLEAN
collision checks INTEGER
correct solution BOOLEAN
correct solution strict BOOLEAN
graph motions INTEGER
graph states INTEGER
memory REAL
simplification time REAL
simplified correct solution BOOLEAN
simplified correct solution strict BOOLEAN
simplified solution clearance REAL
simplified solution length REAL
simplified solution segments INTEGER
simplified solution smoothness REAL
solution clearance REAL
solution difference REAL
solution length REAL
solution segments INTEGER
solution smoothness REAL
solved BOOLEAN
status ENUM
time REAL
valid segment fraction REAL
10 runs
0; 0; 325; 1; 1; 7; 8; 1129.29; 0.387308; 1; 1; 5.88814; 2.7674; 1; 0; 5.82115; 0; 2.93331; 6; 3.82845; 1; 6; 0.0444011; 1; 
0; 0; 321; 1; 1; 7; 8; 1129.54; 0.379732; 1; 1; 5.88814; 2.7674; 1; 0; 5.82115; 0; 2.93331; 6; 3.82845; 1; 6; 0.0422315; 1; 
0; 0; 303; 1; 1; 7; 8; 1129.79; 0.350594; 1; 1; 5.88814; 2.7674; 1; 0; 5.82115; 0; 2.93331; 6; 3.82845; 1; 6; 0.0425227; 1; 
0; 0; 364; 1; 1; 8; 9; 1130.41; 0.435678; 1; 1; 5.88814; 2.7674; 1; 0; 5.74357; 0; 3.14457; 7; 19.2307; 1; 6; 0.0475146; 1; 
0; 0; 338; 1; 1; 8; 9; 1131.04; 0.392852; 1; 1; 5.88814; 2.7674; 1; 0; 5.74357; 0; 3.14457; 7; 19.2307; 1; 6; 0.0467489; 1; 
0; 0; 332; 1; 1; 7; 8; 1131.54; 0.390185; 1; 1; 5.88814; 2.7674; 1; 0; 5.84722; 0; 2.98125; 6; 4.5101; 1; 6; 0.0445032; 1; 
0; 0; 308; 1; 1; 7; 8; 1132.16; 0.347193; 1; 1; 5.88814; 2.7674; 1; 0; 5.84722; 0; 2.98125; 6; 4.5101; 1; 6; 0.0445356; 1; 
0; 0; 357; 1; 1; 8; 9; 1132.66; 0.427449; 1; 1; 5.88814; 2.7674; 1; 0; 5.87576; 0; 3.0727; 7; 19.3248; 1; 6; 0.046628; 1; 
0; 0; 397; 1; 1; 8; 9; 1133.29; 0.490409; 1; 1; 5.88814; 2.7674; 1; 0; 5.87576; 0; 3.0727; 7; 19.3248; 1; 6; 0.048801; 1; 
0; 0; 315; 1; 1; 8; 9; 1133.91; 0.360692; 1; 1; 5.88814; 2.7674; 1; 0; 5.87576; 0; 3.0727; 7; 19.3248; 1; 6; 0.0487412; 1; 
.
geometric_RRTconn1
12 common properties
intermediate_states = 0
longest_valid_segment_fraction = 0.01
projection.cellsize.0 = 14
projection.cellsize.1 = 14
projection.cellsize.2 = 5e-05
projection.cellsize_factor = 0
projection.drawprojection0.cellsize.0 = 14
projection.drawprojection0.cellsize.1 = 14
projection.drawprojection0.cellsize.2 = 5e-05
projection.drawprojection0.cellsize_factor = 0
range = 1
valid_segment_count_factor = 1
24 properties for each run
approx goal distance REAL
approximate solution BOOLEAN
collision checks INTEGER
correct solution BOOLEAN
correct solution strict BOOLEAN
graph motions INTEGER
graph states INTEGER
memory REAL
simplification time REAL
simplified correct solution BOOLEAN
simplified correct solution strict BOOLEAN
simplified solution clearance REAL
simplified solution length REAL
simplified solution segments INTEGER
simplified solution smoothness REAL
solution clearance REAL
solution difference REAL
solution length REAL
solution segments INTEGER
solution smoothness REAL
solved BOOLEAN
status ENUM
time REAL
valid segment fraction REAL
10 runs
0; 0; 353; 1; 1; 5; 6; 1134.54; 0.430437; 1; 1; 5.88814; 2.7674; 1; 0; 5.86458; 0; 3.5776; 4; 4.24159; 1; 6; 0.0400564; 1; 
0; 0; 356; 1; 1; 5; 6; 1135.16; 0.43718; 1; 1; 5.88814; 2.7674; 1; 0; 5.86458; 0; 3.5776; 4; 4.24159; 1; 6; 0.0401851; 1; 
0; 0; 295; 1; 1; 5; 6; 1135.66; 0.33968; 1; 1; 5.88814; 2.7674; 1; 0; 6.01756; 0; 3.31774; 4; 3.83068; 1; 6; 0.0392901; 1; 
0; 0; 169; 1; 1; 5; 6; 1136.29; 0.136351; 1; 1; 5.88814; 2.7674; 1; 0; 6.01756; 0; 3.31774; 4; 3.83068; 1; 6; 0.0391487; 1; 
0; 0; 284; 1; 1; 5; 6; 1136.54; 0.320884; 1; 1; 5.88814; 2.7674; 1; 0; 6.01756; 0; 3.31774; 4; 3.83068; 1; 6; 0.0402542; 1; 
0; 0; 324; 1; 1; 5; 6; 1137.04; 0.392804; 1; 1; 5.88814; 2.7674; 1; 0; 5.6537; 0; 3.44894; 4; 3.92551; 1; 6; 0.0403486; 1; 
0; 0; 317; 1; 1; 5; 6; 1137.66; 0.377283; 1; 1; 5.88814; 2.7674; 1; 0; 5.6537; 0; 3.44894; 4; 3.92551; 1; 6; 0.0404259; 1; 
0; 0; 169; 1; 1; 5; 6; 1138.16; 0.136803; 1; 1; 5.88814; 2.7674; 1; 0; 5.6537; 0; 3.44894; 4; 3.92551; 1; 6; 0.0404625; 1; 
0; 0; 319; 1; 1; 5; 6; 1138.54; 0.382107; 1; 1; 5.88814; 2.7674; 1; 0; 5.65793; 0; 3.38771; 4; 3.8926; 1; 6; 0.0403155; 1; 
0; 0; 350; 1; 1; 5; 6; 1139.04; 0.429666; 1; 1; 5.88814; 2.7674; 1; 0; 5.65793; 0; 3.38771; 4; 3.8926; 1; 6; 0.0390954; 1; 
.
geometric_RRTconn1_5
12 common properties
intermediate_states = 0
longest_valid_segment_fraction = 0.01
projection.cellsize.0 = 14
projection.cellsize.1 = 14
projection.cellsize.2 = 5e-05
projection.cellsize_factor = 0
projection.drawprojection0.cellsize.0 = 14
projection.drawprojection0.cellsize.1 = 14
projection.drawprojection0.cellsize.2 = 5e-05
projection.drawprojection0.cellsize_factor = 0
range = 1.5
valid_segment_count_factor = 1
24 properties for each run
approx goal distance REAL
approximate solution BOOLEAN
collision checks INTEGER
correct solution BOOLEAN
correct solution strict BOOLEAN
graph motions INTEGER
graph states INTEGER
memory REAL
simplification time REAL
simplified correct solution BOOLEAN
simplified correct solution strict BOOLEAN
simplified solution clearance REAL
simplified solution length REAL
simplified solution segments INTEGER
simplified solution smoothness REAL
solution clearance REAL
solution difference REAL
solution length REAL
solution segments INTEGER
solution smoothness REAL
solved BOOLEAN
status ENUM
time REAL
valid segment fraction REAL
10 runs
0; 0; 364; 1; 1; 4; 5; 1139.79; 0.454349; 1; 1; 5.88814; 2.7674; 1; 0; 5.92586; 0; 3.69242; 3; 1.91025; 1; 6; 0.0391636; 1; 
0; 0; 258; 1; 1; 4; 5; 1140.29; 0.280579; 1; 1; 5.88814; 2.7674; 1; 0; 5.92586; 0; 3.69242; 3; 1.91025; 1; 6; 0.0379868; 1; 
0; 0; 320; 1; 1; 4; 5; 1140.79; 0.379146; 1; 1; 5.88814; 2.7674; 1; 0; 5.92586; 0; 3.69242; 3; 1.91025; 1; 6; 0.0381013; 1; 
0; 0; 190; 1; 1; 4; 5; 1141.29; 0.173369; 1; 1; 5.88814; 2.7674; 1; 0; 5.57929; 0; 3.56023; 3; 1.95968; 1; 6; 0.0379904; 1; 
0; 0; 316; 1; 1; 4; 5; 1141.66; 0.374793; 1; 1; 5.88814; 2.7674; 1; 0; 5.57929; 0; 3.56023; 3; 1.95968; 1; 6; 0.0381416; 1; 
0; 0; 301; 1; 1; 4; 5; 1142.29; 0.348415; 1; 1; 5.88814; 2.7674; 1; 0; 5.57929; 0; 3.56023; 3; 1.95968; 1; 6; 0.038185; 1; 
0; 0; 366; 1; 1; 4; 5; 1142.79; 0.45937; 1; 1; 5.88814; 2.7674; 1; 0; 6.07371; 0; 3.53124; 3; 1.81604; 1; 6; 0.0372168; 1; 
0; 0; 282; 1; 1; 4; 5; 1143.41; 0.323897; 1; 1; 5.88814; 2.7674; 1; 0; 6.07371; 0; 3.53124; 3; 1.81604; 1; 6; 0.0380288; 1; 
0; 0; 330; 1; 1; 4; 5; 1143.91; 0.395157; 1; 1; 5.88814; 2.7674; 1; 0; 6.07371; 0; 3.53124; 3; 1.81604; 1; 6; 0.0382524; 1; 
0; 0; 226; 1; 1; 4; 5; 1144.41; 0.222939; 1; 1; 5.88814; 2.7674; 1; 0; 5.86135; 0; 3.93643; 3; 1.81909; 1; 6; 0.0402648; 1; 
.
geometric_RRTconn2
12 common properties
intermediate_states = 0
longest_valid_segment_fraction = 0.01
projection.cellsize.0 = 14
projection.cellsize.1 = 14
projection.cellsize.2 = 5e-05
projection.cellsize_factor = 0
projection.drawprojection0.cellsize.0 = 14
projection.drawprojection0.cellsize.1 = 14
projection.drawprojection0.cellsize.2 = 5e-05
projection.drawprojection0.cellsize_factor = 0
range = 2
valid_segment_count_factor = 1
24 properties for each run
approx goal distance REAL
approximate solution BOOLEAN
collision checks INTEGER
correct solution BOOLEAN
correct solution strict BOOLEAN
graph motions INTEGER
graph states INTEGER
memory REAL
simplification time REAL
simplified correct solution BOOLEAN
simplified correct solution strict BOOLEAN
simplified solution clearance REAL
simplified solution length REAL
simplified solution segments INTEGER
simplified solution smoothness REAL
solution clearance REAL
solution difference REAL
solution length REAL
solution segments INTEGER
solution smoothness REAL
solved BOOLEAN
status ENUM
time REAL
valid segment fraction REAL
10 runs
0; 0; 331; 1; 1; 4; 5; 1144.91; 0.389431; 1; 1; 5.88814; 2.7674; 1; 0; 5.75761; 0; 4.15266; 3; 2.5598; 1; 6; 0.0413781; 1; 
0; 0; 420; 1; 1; 4; 5; 1145.41; 0.527665; 1; 1; 5.88814; 2.7674; 1; 0; 5.75761; 0; 4.15266; 3; 2.5598; 1; 6; 0.0413771; 1; 
0; 0; 277; 1; 1; 4; 5; 1146.16; 0.315129; 1; 1; 5.88814; 2.7674; 1; 0; 5.46661; 0; 3.43415; 3; 3.31412; 1; 6; 0.0361957; 1; 
0; 0; 194; 1; 1; 4; 5; 1146.66; 0.181889; 1; 1; 5.88814; 2.7674; 1; 0; 5.46661; 0; 3.43415; 3; 3.31412; 1; 6; 0.0361442; 1; 
0; 0; 223; 1; 1; 4; 5; 1147.04; 0.229339; 1; 1; 5.88814; 2.7674; 1; 0; 5.46661; 0; 3.43415; 3; 3.31412; 1; 6; 0.0361895; 1; 
0; 0; 344; 1; 1; 4; 5; 1147.41; 0.418584; 1; 1; 5.88814; 2.7674; 1; 0; 5.4431; 0; 3.68635; 3; 3.91335; 1; 6; 0.0380112; 1; 
0; 0; 328; 1; 1; 4; 5; 1148.04; 0.393066; 1; 1; 5.88814; 2.7674; 1; 0; 5.4431; 0; 3.68635; 3; 3.91335; 1; 6; 0.0382565; 1; 
0; 0; 296; 1; 1; 4; 5; 1148.54; 0.339396; 1; 1; 5.88814; 2.7674; 1; 0; 5.4431; 0; 3.68635; 3; 3.91335; 1; 6; 0.0370791; 1; 
0; 0; 288; 1; 1; 4; 5; 1149.16; 0.331901; 1; 1; 5.88814; 2.7674; 1; 0; 5.42843; 0; 3.58329; 3; 4.27003; 1; 6; 0.0360442; 1; 
0; 0; 313; 1; 1; 4; 5; 1149.66; 0.376557; 1; 1; 5.88814; 2.7674; 1; 0; 5.42843; 0; 3.58329; 3; 4.27003; 1; 6; 0.0358636; 1; 
.
